<?xml version="1.0" encoding="UTF-8"?>
<!-- Generated by org.testng.reporters.JUnitReportReporter -->
<testsuite hostname="LAPTOP-BMAF7UQC" failures="0" tests="3" name="tests.LoginTest" time="47.992" errors="0" timestamp="2023-12-07T23:52:12 IST" skipped="0">
  <testcase classname="tests.LoginTest" name="Testlogin" time="11.928"/>
  <system-out/>
  <testcase classname="tests.LoginTest" name="Testlogin" time="20.277"/>
  <system-out/>
  <testcase classname="tests.LoginTest" name="Testlogin" time="15.787"/>
  <system-out/>
</testsuite> <!-- tests.LoginTest -->
