<?xml version="1.0" encoding="UTF-8"?>
<!-- Generated by org.testng.reporters.JUnitReportReporter -->
<testsuite hostname="LAPTOP-BMAF7UQC" failures="0" tests="3" name="tests.Login" time="37.508" errors="0" timestamp="2023-12-07T15:09:55 IST" skipped="0">
  <testcase classname="tests.Login" name="Testlogin" time="19.564"/>
  <system-out/>
  <testcase classname="tests.Login" name="Testlogin" time="6.689"/>
  <system-out/>
  <testcase classname="tests.Login" name="Testlogin" time="11.255"/>
  <system-out/>
</testsuite> <!-- tests.Login -->
